<?xml version="1.0" encoding="UTF-8"?>
<!-- Generated by org.testng.reporters.JUnitXMLReporter -->
<testsuite hostname="zhengjialideMacBook-Air.local" name="First_TESTNG" tests="8" failures="1" timestamp="8 Sep 2017 01:46:54 GMT" time="4.567" errors="0">
  <testcase name="group1Test" time="2.465" classname="com.ttt.tt.q"/>
  <testcase name="group2Test" time="1.16" classname="com.ttt.tt.q"/>
  <testcase name="group3Test" time="0.158" classname="com.ttt.tt.q">
    <failure type="java.lang.AssertionError" message="1 expectation failed.
JSON path title doesn&amp;apos;t match.
Expected: 演员
  Actual: 绅士
">
      <![CDATA[java.lang.AssertionError: 1 expectation failed.
JSON path title doesn't match.
Expected: 演员
  Actual: 绅士

	at org.codehaus.groovy.runtime.callsite.ConstructorSite$ConstructorSiteNoUnwrap.callConstructor(ConstructorSite.java:84)
	at org.codehaus.groovy.runtime.callsite.CallSiteArray.defaultCallConstructor(CallSiteArray.java:60)
	at org.codehaus.groovy.runtime.callsite.AbstractCallSite.callConstructor(AbstractCallSite.java:235)
	at org.codehaus.groovy.runtime.callsite.AbstractCallSite.callConstructor(AbstractCallSite.java:247)
	at io.restassured.internal.ResponseSpecificationImpl$HamcrestAssertionClosure.validate(ResponseSpecificationImpl.groovy:470)
	at io.restassured.internal.ResponseSpecificationImpl$HamcrestAssertionClosure$validate$1.call(Unknown Source)
	at io.restassured.internal.ResponseSpecificationImpl.validateResponseIfRequired(ResponseSpecificationImpl.groovy:632)
	at org.codehaus.groovy.runtime.callsite.PogoMetaMethodSite$PogoCachedMethodSiteNoUnwrapNoCoerce.invoke(PogoMetaMethodSite.java:210)
	at org.codehaus.groovy.runtime.callsite.PogoMetaMethodSite.callCurrent(PogoMetaMethodSite.java:59)
	at org.codehaus.groovy.runtime.callsite.AbstractCallSite.callCurrent(AbstractCallSite.java:166)
	at io.restassured.internal.ResponseSpecificationImpl.content(ResponseSpecificationImpl.groovy:264)
	at io.restassured.specification.ResponseSpecification$content$0.callCurrent(Unknown Source)
	at io.restassured.internal.ResponseSpecificationImpl.body(ResponseSpecificationImpl.groovy:247)
	at io.restassured.internal.ValidatableResponseOptionsImpl.body(ValidatableResponseOptionsImpl.java:268)
	at com.ttt.tt.q.group3Test(q.java:66)
	at org.apache.maven.surefire.testng.TestNGExecutor.run(TestNGExecutor.java:295)
	at org.apache.maven.surefire.testng.TestNGXmlTestSuite.execute(TestNGXmlTestSuite.java:84)
	at org.apache.maven.surefire.testng.TestNGProvider.invoke(TestNGProvider.java:90)
	at org.apache.maven.surefire.booter.ForkedBooter.invokeProviderInSameClassLoader(ForkedBooter.java:203)
	at org.apache.maven.surefire.booter.ForkedBooter.runSuitesInProcess(ForkedBooter.java:155)
	at org.apache.maven.surefire.booter.ForkedBooter.main(ForkedBooter.java:103)
... Removed 31 stack frames]]>
    </failure>
  </testcase> <!-- group3Test -->
  <testcase name="testIsBetween" time="0.004" classname="com.ttt.tt.q"/>
  <testcase name="testIsBetween" time="0.001" classname="com.ttt.tt.q"/>
  <testcase name="testIsBetween" time="0.0" classname="com.ttt.tt.q"/>
  <testcase name="testIsBetween" time="0.002" classname="com.ttt.tt.q"/>
  <testcase name="testIsBetween" time="0.001" classname="com.ttt.tt.q"/>
</testsuite> <!-- First_TESTNG -->
